12:17:58.283 [main] INFO  TestCases.TC_002_ClickDropdown - Clicked on the salesresources dropdown and get options from it
12:17:59.039 [main] INFO  TestCases.TC_002_ClickDropdown - Clicked on the market and services dropdown and get options from it
12:17:59.740 [main] INFO  TestCases.TC_002_ClickDropdown - Clicked on the corporate function dropdown and get options from it
12:18:00.706 [main] INFO  TestCases.TC_002_ClickDropdown - Clicked on the people dropdown and get options from it
12:18:41.099 [main] INFO  TestCases.TC_002_ClickDropdown - Clicked on the otheroption dropdown and get options from it
12:18:41.100 [main] INFO  TestCases.TC_002_ClickDropdown - *********End of TC_001_ClickDropdown
12:18:42.522 [main] INFO  TestCases.TC_002_ClickDropdown - browser closed successfully....
12:36:13.928 [main] INFO  TestCases.TC_001_UserVerification - chrome browser opened successfully
12:37:40.067 [main] INFO  TestCases.TC_001_UserVerification - Base Page loaded sucessfully.......
12:37:45.786 [main] INFO  TestCases.TC_001_UserVerification - *****************Start the TC_002_UserVerification****************
12:37:45.787 [main] INFO  TestCases.TC_001_UserVerification - click on userdetail button..........
12:37:46.625 [main] INFO  TestCases.TC_001_UserVerification - get the user name ..........
12:37:46.685 [main] INFO  TestCases.TC_001_UserVerification - get the user Email ..........
12:37:46.686 [main] INFO  TestCases.TC_001_UserVerification - *****************End the TC_002_UserVerification****************
12:37:48.262 [main] INFO  TestCases.TC_001_UserVerification - browser closed successfully....
12:37:54.504 [main] INFO  TestCases.TC_002_ClickDropdown - chrome browser opened successfully
12:38:39.692 [main] INFO  TestCases.TC_002_ClickDropdown - Base Page loaded sucessfully.......
12:38:40.817 [main] INFO  TestCases.TC_002_ClickDropdown - *********** Starting the TC_001_ClickDropdown***********
12:38:40.817 [main] INFO  TestCases.TC_002_ClickDropdown - Clicked on the company dropdown and get options from it
12:38:41.706 [main] INFO  TestCases.TC_002_ClickDropdown - Clicked on the servicelines dropdown and get options from it
12:38:42.303 [main] INFO  TestCases.TC_002_ClickDropdown - Clicked on the salesresources dropdown and get options from it
12:38:42.761 [main] INFO  TestCases.TC_002_ClickDropdown - Clicked on the market and services dropdown and get options from it
12:38:43.205 [main] INFO  TestCases.TC_002_ClickDropdown - Clicked on the corporate function dropdown and get options from it
12:38:43.714 [main] INFO  TestCases.TC_002_ClickDropdown - Clicked on the people dropdown and get options from it
12:39:24.022 [main] INFO  TestCases.TC_002_ClickDropdown - Clicked on the otheroption dropdown and get options from it
12:39:24.022 [main] INFO  TestCases.TC_002_ClickDropdown - *********End of TC_001_ClickDropdown
12:39:25.894 [main] INFO  TestCases.TC_002_ClickDropdown - browser closed successfully....
13:58:59.124 [main] INFO  TestCases.TC_001_UserVerification - chrome browser opened successfully
13:59:01.089 [main] INFO  TestCases.TC_001_UserVerification - Base Page loaded sucessfully.......
13:59:27.623 [main] INFO  TestCases.TC_001_UserVerification - browser closed successfully....
13:59:32.739 [main] INFO  TestCases.TC_002_ClickDropdown - chrome browser opened successfully
13:59:34.319 [main] INFO  TestCases.TC_002_ClickDropdown - Base Page loaded sucessfully.......
13:59:55.718 [main] INFO  TestCases.TC_002_ClickDropdown - browser closed successfully....
14:00:21.325 [main] INFO  TestCases.TC_001_UserVerification - chrome browser opened successfully
14:00:22.507 [main] INFO  TestCases.TC_001_UserVerification - Base Page loaded sucessfully.......
14:00:37.659 [main] INFO  TestCases.TC_001_UserVerification - *****************Start the TC_002_UserVerification****************
14:00:37.659 [main] INFO  TestCases.TC_001_UserVerification - click on userdetail button..........
14:00:59.383 [main] INFO  TestCases.TC_001_UserVerification - browser closed successfully....
14:01:04.515 [main] INFO  TestCases.TC_002_ClickDropdown - chrome browser opened successfully
14:01:06.988 [main] INFO  TestCases.TC_002_ClickDropdown - Base Page loaded sucessfully.......
14:01:20.600 [main] INFO  TestCases.TC_002_ClickDropdown - browser closed successfully....
