10:39:54.065 [main] INFO  TestCases.TC_001_UserVerification - chrome browser opened successfully
10:39:56.434 [main] INFO  TestCases.TC_001_UserVerification - Base Page loaded sucessfully.......
10:40:15.036 [main] INFO  TestCases.TC_001_UserVerification - *****************Start the TC_002_UserVerification****************
10:40:15.037 [main] INFO  TestCases.TC_001_UserVerification - click on userdetail button..........
10:40:16.464 [main] INFO  TestCases.TC_001_UserVerification - get the user name ..........
10:40:16.663 [main] INFO  TestCases.TC_001_UserVerification - get the user Email ..........
10:40:16.665 [main] INFO  TestCases.TC_001_UserVerification - *****************End the TC_002_UserVerification****************
10:40:18.204 [main] INFO  TestCases.TC_001_UserVerification - browser closed successfully....
10:40:26.192 [main] INFO  TestCases.TC_002_ClickDropdown - chrome browser opened successfully
10:40:29.141 [main] INFO  TestCases.TC_002_ClickDropdown - Base Page loaded sucessfully.......
10:40:38.248 [main] INFO  TestCases.TC_002_ClickDropdown - *********** Starting the TC_001_ClickDropdown***********
10:40:38.249 [main] INFO  TestCases.TC_002_ClickDropdown - Clicked on the company dropdown and get options from it
10:40:38.981 [main] INFO  TestCases.TC_002_ClickDropdown - Clicked on the servicelines dropdown and get options from it
10:40:39.511 [main] INFO  TestCases.TC_002_ClickDropdown - Clicked on the salesresources dropdown and get options from it
10:40:40.009 [main] INFO  TestCases.TC_002_ClickDropdown - Clicked on the market and services dropdown and get options from it
10:40:40.510 [main] INFO  TestCases.TC_002_ClickDropdown - Clicked on the corporate function dropdown and get options from it
10:40:41.503 [main] INFO  TestCases.TC_002_ClickDropdown - Clicked on the people dropdown and get options from it
10:41:21.990 [main] INFO  TestCases.TC_002_ClickDropdown - Clicked on the otheroption dropdown and get options from it
10:41:21.990 [main] INFO  TestCases.TC_002_ClickDropdown - *********End of TC_001_ClickDropdown
10:41:23.525 [main] INFO  TestCases.TC_002_ClickDropdown - browser closed successfully....
12:12:52.666 [main] INFO  TestCases.TC_001_UserVerification - chrome browser opened successfully
12:12:58.966 [main] INFO  TestCases.TC_001_UserVerification - Base Page loaded sucessfully.......
12:13:06.589 [main] INFO  TestCases.TC_002_ClickDropdown - chrome browser opened successfully
12:13:07.590 [main] INFO  TestCases.TC_002_ClickDropdown - Base Page loaded sucessfully.......
12:14:06.055 [main] INFO  TestCases.TC_001_UserVerification - chrome browser opened successfully
12:15:10.902 [main] INFO  TestCases.TC_001_UserVerification - Base Page loaded sucessfully.......
12:15:16.364 [main] INFO  TestCases.TC_001_UserVerification - *****************Start the TC_002_UserVerification****************
12:15:16.364 [main] INFO  TestCases.TC_001_UserVerification - click on userdetail button..........
12:15:16.805 [main] INFO  TestCases.TC_001_UserVerification - get the user name ..........
12:15:17.133 [main] INFO  TestCases.TC_001_UserVerification - get the user Email ..........
12:15:17.133 [main] INFO  TestCases.TC_001_UserVerification - *****************End the TC_002_UserVerification****************
12:15:18.552 [main] INFO  TestCases.TC_001_UserVerification - browser closed successfully....
12:15:25.798 [main] INFO  TestCases.TC_002_ClickDropdown - chrome browser opened successfully
12:15:27.614 [main] INFO  TestCases.TC_002_ClickDropdown - Base Page loaded sucessfully.......
12:15:48.869 [main] INFO  TestCases.TC_002_ClickDropdown - browser closed successfully....
12:16:12.487 [main] INFO  TestCases.TC_001_UserVerification - chrome browser opened successfully
12:16:14.309 [main] INFO  TestCases.TC_001_UserVerification - Base Page loaded sucessfully.......
12:16:48.637 [main] INFO  TestCases.TC_001_UserVerification - *****************Start the TC_002_UserVerification****************
12:16:48.637 [main] INFO  TestCases.TC_001_UserVerification - click on userdetail button..........
12:16:49.507 [main] INFO  TestCases.TC_001_UserVerification - get the user name ..........
12:16:49.606 [main] INFO  TestCases.TC_001_UserVerification - get the user Email ..........
12:16:49.607 [main] INFO  TestCases.TC_001_UserVerification - *****************End the TC_002_UserVerification****************
12:16:51.439 [main] INFO  TestCases.TC_001_UserVerification - browser closed successfully....
12:16:59.446 [main] INFO  TestCases.TC_002_ClickDropdown - chrome browser opened successfully
12:17:03.923 [main] INFO  TestCases.TC_002_ClickDropdown - Base Page loaded sucessfully.......
12:17:56.763 [main] INFO  TestCases.TC_002_ClickDropdown - *********** Starting the TC_001_ClickDropdown***********
12:17:56.764 [main] INFO  TestCases.TC_002_ClickDropdown - Clicked on the company dropdown and get options from it
12:17:57.530 [main] INFO  TestCases.TC_002_ClickDropdown - Clicked on the servicelines dropdown and get options from it
